This file contains any messages produced by compilers while
running configure, to aid debugging if configure makes a mistake.

It was created by cudd configure 3.0.0, which was
generated by GNU Autoconf 2.69.  Invocation command line was

  $ ./configure --enable-obj --enable-shared --enable-static

## --------- ##
## Platform. ##
## --------- ##

hostname = kaveh-ROG-Flow-X13
uname -m = x86_64
uname -r = 5.13.0-1009-oem
uname -s = Linux
uname -v = #10-Ubuntu SMP Fri Jul 16 19:42:18 UTC 2021

/usr/bin/uname -p = x86_64
/bin/uname -X     = unknown

/bin/arch              = x86_64
/usr/bin/arch -k       = unknown
/usr/convex/getsysinfo = unknown
/usr/bin/hostinfo      = unknown
/bin/machine           = unknown
/usr/bin/oslevel       = unknown
/bin/universe          = unknown

PATH: /usr/local/sbin
PATH: /usr/local/bin
PATH: /usr/sbin
PATH: /usr/bin
PATH: /sbin
PATH: /bin
PATH: /usr/games
PATH: /usr/local/games
PATH: /snap/bin


## ----------- ##
## Core tests. ##
## ----------- ##

configure:2690: checking build system type
configure:2704: result: x86_64-unknown-linux-gnu
configure:2724: checking host system type
configure:2737: result: x86_64-unknown-linux-gnu
configure:2773: checking for a BSD-compatible install
configure:2841: result: /usr/bin/install -c
configure:2852: checking whether build environment is sane
configure:2907: result: yes
configure:3056: checking for a thread-safe mkdir -p
configure:3095: result: /usr/bin/mkdir -p
configure:3102: checking for gawk
configure:3132: result: no
configure:3102: checking for mawk
configure:3118: found /usr/bin/mawk
configure:3129: result: mawk
configure:3140: checking whether make sets $(MAKE)
configure:3162: result: yes
configure:3191: checking whether make supports nested variables
configure:3208: result: yes
configure:3430: checking for gcc
configure:3446: found /usr/bin/gcc
configure:3457: result: gcc
configure:3686: checking for C compiler version
configure:3695: gcc --version >&5
gcc (Ubuntu 9.3.0-17ubuntu1~20.04) 9.3.0
Copyright (C) 2019 Free Software Foundation, Inc.
This is free software; see the source for copying conditions.  There is NO
warranty; not even for MERCHANTABILITY or FITNESS FOR A PARTICULAR PURPOSE.

configure:3706: $? = 0
configure:3695: gcc -v >&5
Using built-in specs.
COLLECT_GCC=gcc
COLLECT_LTO_WRAPPER=/usr/lib/gcc/x86_64-linux-gnu/9/lto-wrapper
OFFLOAD_TARGET_NAMES=nvptx-none:hsa
OFFLOAD_TARGET_DEFAULT=1
Target: x86_64-linux-gnu
Configured with: ../src/configure -v --with-pkgversion='Ubuntu 9.3.0-17ubuntu1~20.04' --with-bugurl=file:///usr/share/doc/gcc-9/README.Bugs --enable-languages=c,ada,c++,go,brig,d,fortran,objc,obj-c++,gm2 --prefix=/usr --with-gcc-major-version-only --program-suffix=-9 --program-prefix=x86_64-linux-gnu- --enable-shared --enable-linker-build-id --libexecdir=/usr/lib --without-included-gettext --enable-threads=posix --libdir=/usr/lib --enable-nls --enable-clocale=gnu --enable-libstdcxx-debug --enable-libstdcxx-time=yes --with-default-libstdcxx-abi=new --enable-gnu-unique-object --disable-vtable-verify --enable-plugin --enable-default-pie --with-system-zlib --with-target-system-zlib=auto --enable-objc-gc=auto --enable-multiarch --disable-werror --with-arch-32=i686 --with-abi=m64 --with-multilib-list=m32,m64,mx32 --enable-multilib --with-tune=generic --enable-offload-targets=nvptx-none=/build/gcc-9-HskZEa/gcc-9-9.3.0/debian/tmp-nvptx/usr,hsa --without-cuda-driver --enable-checking=release --build=x86_64-linux-gnu --host=x86_64-linux-gnu --target=x86_64-linux-gnu
Thread model: posix
gcc version 9.3.0 (Ubuntu 9.3.0-17ubuntu1~20.04) 
configure:3706: $? = 0
configure:3695: gcc -V >&5
gcc: error: unrecognized command line option '-V'
gcc: fatal error: no input files
compilation terminated.
configure:3706: $? = 1
configure:3695: gcc -qversion >&5
gcc: error: unrecognized command line option '-qversion'; did you mean '--version'?
gcc: fatal error: no input files
compilation terminated.
configure:3706: $? = 1
configure:3726: checking whether the C compiler works
configure:3748: gcc -Wall -Wextra -g -O3   conftest.c  >&5
configure:3752: $? = 0
configure:3800: result: yes
configure:3803: checking for C compiler default output file name
configure:3805: result: a.out
configure:3811: checking for suffix of executables
configure:3818: gcc -o conftest -Wall -Wextra -g -O3   conftest.c  >&5
configure:3822: $? = 0
configure:3844: result: 
configure:3866: checking whether we are cross compiling
configure:3874: gcc -o conftest -Wall -Wextra -g -O3   conftest.c  >&5
configure:3878: $? = 0
configure:3885: ./conftest
configure:3889: $? = 0
configure:3877: result: no
configure:3882: checking for suffix of object files
configure:3904: gcc -c -Wall -Wextra -g -O3  conftest.c >&5
configure:3908: $? = 0
configure:3929: result: o
configure:3933: checking whether we are using the GNU C compiler
configure:3952: gcc -c -Wall -Wextra -g -O3  conftest.c >&5
configure:3952: $? = 0
configure:3961: result: yes
configure:3970: checking whether gcc accepts -g
configure:3990: gcc -c -g  conftest.c >&5
configure:3990: $? = 0
configure:4031: result: yes
configure:4048: checking for gcc option to accept ISO C89
configure:4111: gcc  -c -Wall -Wextra -g -O3  conftest.c >&5
configure:4111: $? = 0
configure:4124: result: none needed
configure:4149: checking whether gcc understands -c and -o together
configure:4171: gcc -c conftest.c -o conftest2.o
configure:4174: $? = 0
configure:4171: gcc -c conftest.c -o conftest2.o
configure:4174: $? = 0
configure:4186: result: yes
configure:4206: checking whether make supports the include directive
configure:4221: make -f confmf.GNU && cat confinc.out
this is the am__doit target
configure:4224: $? = 0
configure:4243: result: yes (GNU style)
configure:4268: checking dependency style of gcc
configure:4379: result: gcc3
configure:4452: checking for g++
configure:4468: found /usr/bin/g++
configure:4479: result: g++
configure:4506: checking for C++ compiler version
configure:4515: g++ --version >&5
g++ (Ubuntu 9.3.0-17ubuntu1~20.04) 9.3.0
Copyright (C) 2019 Free Software Foundation, Inc.
This is free software; see the source for copying conditions.  There is NO
warranty; not even for MERCHANTABILITY or FITNESS FOR A PARTICULAR PURPOSE.

configure:4526: $? = 0
configure:4515: g++ -v >&5
Using built-in specs.
COLLECT_GCC=g++
COLLECT_LTO_WRAPPER=/usr/lib/gcc/x86_64-linux-gnu/9/lto-wrapper
OFFLOAD_TARGET_NAMES=nvptx-none:hsa
OFFLOAD_TARGET_DEFAULT=1
Target: x86_64-linux-gnu
Configured with: ../src/configure -v --with-pkgversion='Ubuntu 9.3.0-17ubuntu1~20.04' --with-bugurl=file:///usr/share/doc/gcc-9/README.Bugs --enable-languages=c,ada,c++,go,brig,d,fortran,objc,obj-c++,gm2 --prefix=/usr --with-gcc-major-version-only --program-suffix=-9 --program-prefix=x86_64-linux-gnu- --enable-shared --enable-linker-build-id --libexecdir=/usr/lib --without-included-gettext --enable-threads=posix --libdir=/usr/lib --enable-nls --enable-clocale=gnu --enable-libstdcxx-debug --enable-libstdcxx-time=yes --with-default-libstdcxx-abi=new --enable-gnu-unique-object --disable-vtable-verify --enable-plugin --enable-default-pie --with-system-zlib --with-target-system-zlib=auto --enable-objc-gc=auto --enable-multiarch --disable-werror --with-arch-32=i686 --with-abi=m64 --with-multilib-list=m32,m64,mx32 --enable-multilib --with-tune=generic --enable-offload-targets=nvptx-none=/build/gcc-9-HskZEa/gcc-9-9.3.0/debian/tmp-nvptx/usr,hsa --without-cuda-driver --enable-checking=release --build=x86_64-linux-gnu --host=x86_64-linux-gnu --target=x86_64-linux-gnu
Thread model: posix
gcc version 9.3.0 (Ubuntu 9.3.0-17ubuntu1~20.04) 
configure:4526: $? = 0
configure:4515: g++ -V >&5
g++: error: unrecognized command line option '-V'
g++: fatal error: no input files
compilation terminated.
configure:4526: $? = 1
configure:4515: g++ -qversion >&5
g++: error: unrecognized command line option '-qversion'; did you mean '--version'?
g++: fatal error: no input files
compilation terminated.
configure:4526: $? = 1
configure:4530: checking whether we are using the GNU C++ compiler
configure:4549: g++ -c -Wall -Wextra -std=c++0x -g -O3  conftest.cpp >&5
configure:4549: $? = 0
configure:4558: result: yes
configure:4567: checking whether g++ accepts -g
configure:4587: g++ -c -g  conftest.cpp >&5
configure:4587: $? = 0
configure:4628: result: yes
configure:4653: checking dependency style of g++
configure:4764: result: gcc3
configure:4829: checking for ar
configure:4845: found /usr/bin/ar
configure:4856: result: ar
configure:4882: checking the archiver (ar) interface
configure:4898: gcc -c -Wall -Wextra -g -O3  conftest.c >&5
configure:4898: $? = 0
configure:4900: ar cru libconftest.a conftest.o >&5
ar: `u' modifier ignored since `D' is the default (see `U')
configure:4903: $? = 0
configure:4902: result: ar
configure:4969: checking how to print strings
configure:4996: result: printf
configure:5017: checking for a sed that does not truncate output
configure:5081: result: /usr/bin/sed
configure:5099: checking for grep that handles long lines and -e
configure:5157: result: /usr/bin/grep
configure:5162: checking for egrep
configure:5224: result: /usr/bin/grep -E
configure:5229: checking for fgrep
configure:5291: result: /usr/bin/grep -F
configure:5326: checking for ld used by gcc
configure:5393: result: /usr/bin/ld
configure:5400: checking if the linker (/usr/bin/ld) is GNU ld
configure:5415: result: yes
configure:5427: checking for BSD- or MS-compatible name lister (nm)
configure:5476: result: /usr/bin/nm -B
configure:5606: checking the name lister (/usr/bin/nm -B) interface
configure:5613: gcc -c -Wall -Wextra -g -O3  conftest.c >&5
configure:5616: /usr/bin/nm -B "conftest.o"
configure:5619: output
0000000000000000 B some_variable
configure:5620: result: BSD nm
configure:5623: checking whether ln -s works
configure:5627: result: yes
configure:5635: checking the maximum length of command line arguments
configure:5766: result: 1572864
configure:5783: checking whether the shell understands some XSI constructs
configure:5792: result: yes
configure:5796: checking whether the shell understands "+="
configure:5800: result: yes
configure:5835: checking how to convert x86_64-unknown-linux-gnu file names to x86_64-unknown-linux-gnu format
configure:5875: result: func_convert_file_noop
configure:5882: checking how to convert x86_64-unknown-linux-gnu file names to toolchain format
configure:5902: result: func_convert_file_noop
configure:5909: checking for /usr/bin/ld option to reload object files
configure:5916: result: -r
configure:5990: checking for objdump
configure:6006: found /usr/bin/objdump
configure:6017: result: objdump
configure:6046: checking how to recognize dependent libraries
configure:6244: result: pass_all
configure:6329: checking for dlltool
configure:6359: result: no
configure:6386: checking how to associate runtime and link libraries
configure:6413: result: printf %s\n
configure:6537: checking for archiver @FILE support
configure:6554: gcc -c -Wall -Wextra -g -O3  conftest.c >&5
configure:6554: $? = 0
configure:6557: ar cru libconftest.a @conftest.lst >&5
ar: `u' modifier ignored since `D' is the default (see `U')
configure:6560: $? = 0
configure:6565: ar cru libconftest.a @conftest.lst >&5
ar: `u' modifier ignored since `D' is the default (see `U')
ar: conftest.o: No such file or directory
configure:6568: $? = 1
configure:6567: result: @
configure:6625: checking for strip
configure:6641: found /usr/bin/strip
configure:6652: result: strip
configure:6724: checking for ranlib
configure:6740: found /usr/bin/ranlib
configure:6751: result: ranlib
configure:6853: checking command to parse /usr/bin/nm -B output from gcc object
configure:6973: gcc -c -Wall -Wextra -g -O3  conftest.c >&5
configure:6976: $? = 0
configure:6980: /usr/bin/nm -B conftest.o \| sed -n -e 's/^.*[ ]\([ABCDGIRSTW][ABCDGIRSTW]*\)[ ][ ]*\([_A-Za-z][_A-Za-z0-9]*\)$/\1 \2 \2/p' | sed '/ __gnu_lto/d' \> conftest.nm
configure:6983: $? = 0
configure:7049: gcc -o conftest -Wall -Wextra -g -O3   conftest.c conftstm.o >&5
configure:7052: $? = 0
configure:7090: result: ok
configure:7127: checking for sysroot
configure:7157: result: no
configure:7234: gcc -c -Wall -Wextra -g -O3  conftest.c >&5
configure:7237: $? = 0
configure:7426: checking for mt
configure:7442: found /usr/bin/mt
configure:7453: result: mt
configure:7476: checking if mt is a manifest tool
configure:7482: mt '-?'
configure:7490: result: no
configure:8132: checking how to run the C preprocessor
configure:8163: gcc -E  conftest.c
configure:8163: $? = 0
configure:8177: gcc -E  conftest.c
conftest.c:11:10: fatal error: ac_nonexistent.h: No such file or directory
   11 | #include <ac_nonexistent.h>
      |          ^~~~~~~~~~~~~~~~~~
compilation terminated.
configure:8177: $? = 1
configure: failed program was:
| /* confdefs.h */
| #define PACKAGE_NAME "cudd"
| #define PACKAGE_TARNAME "cudd"
| #define PACKAGE_VERSION "3.0.0"
| #define PACKAGE_STRING "cudd 3.0.0"
| #define PACKAGE_BUGREPORT "Fabio@Colorado.EDU"
| #define PACKAGE_URL ""
| #define PACKAGE "cudd"
| #define VERSION "3.0.0"
| /* end confdefs.h.  */
| #include <ac_nonexistent.h>
configure:8202: result: gcc -E
configure:8222: gcc -E  conftest.c
configure:8222: $? = 0
configure:8236: gcc -E  conftest.c
conftest.c:11:10: fatal error: ac_nonexistent.h: No such file or directory
   11 | #include <ac_nonexistent.h>
      |          ^~~~~~~~~~~~~~~~~~
compilation terminated.
configure:8236: $? = 1
configure: failed program was:
| /* confdefs.h */
| #define PACKAGE_NAME "cudd"
| #define PACKAGE_TARNAME "cudd"
| #define PACKAGE_VERSION "3.0.0"
| #define PACKAGE_STRING "cudd 3.0.0"
| #define PACKAGE_BUGREPORT "Fabio@Colorado.EDU"
| #define PACKAGE_URL ""
| #define PACKAGE "cudd"
| #define VERSION "3.0.0"
| /* end confdefs.h.  */
| #include <ac_nonexistent.h>
configure:8265: checking for ANSI C header files
configure:8285: gcc -c -Wall -Wextra -g -O3  conftest.c >&5
configure:8285: $? = 0
configure:8358: gcc -o conftest -Wall -Wextra -g -O3   conftest.c  >&5
configure:8358: $? = 0
configure:8358: ./conftest
configure:8358: $? = 0
configure:8369: result: yes
configure:8382: checking for sys/types.h
configure:8382: gcc -c -Wall -Wextra -g -O3  conftest.c >&5
configure:8382: $? = 0
configure:8382: result: yes
configure:8382: checking for sys/stat.h
configure:8382: gcc -c -Wall -Wextra -g -O3  conftest.c >&5
configure:8382: $? = 0
configure:8382: result: yes
configure:8382: checking for stdlib.h
configure:8382: gcc -c -Wall -Wextra -g -O3  conftest.c >&5
configure:8382: $? = 0
configure:8382: result: yes
configure:8382: checking for string.h
configure:8382: gcc -c -Wall -Wextra -g -O3  conftest.c >&5
configure:8382: $? = 0
configure:8382: result: yes
configure:8382: checking for memory.h
configure:8382: gcc -c -Wall -Wextra -g -O3  conftest.c >&5
configure:8382: $? = 0
configure:8382: result: yes
configure:8382: checking for strings.h
configure:8382: gcc -c -Wall -Wextra -g -O3  conftest.c >&5
configure:8382: $? = 0
configure:8382: result: yes
configure:8382: checking for inttypes.h
configure:8382: gcc -c -Wall -Wextra -g -O3  conftest.c >&5
configure:8382: $? = 0
configure:8382: result: yes
configure:8382: checking for stdint.h
configure:8382: gcc -c -Wall -Wextra -g -O3  conftest.c >&5
configure:8382: $? = 0
configure:8382: result: yes
configure:8382: checking for unistd.h
configure:8382: gcc -c -Wall -Wextra -g -O3  conftest.c >&5
configure:8382: $? = 0
configure:8382: result: yes
configure:8396: checking for dlfcn.h
configure:8396: gcc -c -Wall -Wextra -g -O3  conftest.c >&5
configure:8396: $? = 0
configure:8396: result: yes
configure:8910: checking for objdir
configure:8925: result: .libs
configure:9196: checking if gcc supports -fno-rtti -fno-exceptions
configure:9214: gcc -c -Wall -Wextra -g -O3  -fno-rtti -fno-exceptions conftest.c >&5
cc1: warning: command line option '-fno-rtti' is valid for C++/D/ObjC++ but not for C
configure:9218: $? = 0
configure:9231: result: no
configure:9558: checking for gcc option to produce PIC
configure:9565: result: -fPIC -DPIC
configure:9573: checking if gcc PIC flag -fPIC -DPIC works
configure:9591: gcc -c -Wall -Wextra -g -O3  -fPIC -DPIC -DPIC conftest.c >&5
configure:9595: $? = 0
configure:9608: result: yes
configure:9637: checking if gcc static flag -static works
configure:9665: result: yes
configure:9680: checking if gcc supports -c -o file.o
configure:9701: gcc -c -Wall -Wextra -g -O3  -o out/conftest2.o conftest.c >&5
configure:9705: $? = 0
configure:9727: result: yes
configure:9735: checking if gcc supports -c -o file.o
configure:9782: result: yes
configure:9815: checking whether the gcc linker (/usr/bin/ld -m elf_x86_64) supports shared libraries
configure:10972: result: yes
configure:11009: checking whether -lc should be explicitly linked in
configure:11017: gcc -c -Wall -Wextra -g -O3  conftest.c >&5
configure:11020: $? = 0
configure:11035: gcc -shared  -fPIC -DPIC conftest.o  -v -Wl,-soname -Wl,conftest -o conftest 2\>\&1 \| /usr/bin/grep  -lc  \>/dev/null 2\>\&1
configure:11038: $? = 0
configure:11052: result: no
configure:11212: checking dynamic linker characteristics
configure:11712: gcc -o conftest -Wall -Wextra -g -O3   -Wl,-rpath -Wl,/foo conftest.c  >&5
configure:11712: $? = 0
configure:11946: result: GNU/Linux ld.so
configure:12053: checking how to hardcode library paths into programs
configure:12078: result: immediate
configure:12618: checking whether stripping libraries is possible
configure:12623: result: yes
configure:12658: checking if libtool supports shared libraries
configure:12660: result: yes
configure:12663: checking whether to build shared libraries
configure:12684: result: yes
configure:12687: checking whether to build static libraries
configure:12691: result: yes
configure:9719: checking how to run the C++ preprocessor
configure:9746: g++ -E  conftest.cpp
configure:9746: $? = 0
configure:9760: g++ -E  conftest.cpp
conftest.cpp:23:10: fatal error: ac_nonexistent.h: No such file or directory
   23 | #include <ac_nonexistent.h>
      |          ^~~~~~~~~~~~~~~~~~
compilation terminated.
configure:9760: $? = 1
configure: failed program was:
| /* confdefs.h */
| #define PACKAGE_NAME "cudd"
| #define PACKAGE_TARNAME "cudd"
| #define PACKAGE_VERSION "3.0.0"
| #define PACKAGE_STRING "cudd 3.0.0"
| #define PACKAGE_BUGREPORT "Fabio@Colorado.EDU"
| #define PACKAGE_URL ""
| #define PACKAGE "cudd"
| #define VERSION "3.0.0"
| #define STDC_HEADERS 1
| #define HAVE_SYS_TYPES_H 1
| #define HAVE_SYS_STAT_H 1
| #define HAVE_STDLIB_H 1
| #define HAVE_STRING_H 1
| #define HAVE_MEMORY_H 1
| #define HAVE_STRINGS_H 1
| #define HAVE_INTTYPES_H 1
| #define HAVE_STDINT_H 1
| #define HAVE_UNISTD_H 1
| #define HAVE_DLFCN_H 1
| #define LT_OBJDIR ".libs/"
| /* end confdefs.h.  */
| #include <ac_nonexistent.h>
configure:9785: result: g++ -E
configure:9805: g++ -E  conftest.cpp
configure:9805: $? = 0
configure:9819: g++ -E  conftest.cpp
conftest.cpp:23:10: fatal error: ac_nonexistent.h: No such file or directory
   23 | #include <ac_nonexistent.h>
      |          ^~~~~~~~~~~~~~~~~~
compilation terminated.
configure:9819: $? = 1
configure: failed program was:
| /* confdefs.h */
| #define PACKAGE_NAME "cudd"
| #define PACKAGE_TARNAME "cudd"
| #define PACKAGE_VERSION "3.0.0"
| #define PACKAGE_STRING "cudd 3.0.0"
| #define PACKAGE_BUGREPORT "Fabio@Colorado.EDU"
| #define PACKAGE_URL ""
| #define PACKAGE "cudd"
| #define VERSION "3.0.0"
| #define STDC_HEADERS 1
| #define HAVE_SYS_TYPES_H 1
| #define HAVE_SYS_STAT_H 1
| #define HAVE_STDLIB_H 1
| #define HAVE_STRING_H 1
| #define HAVE_MEMORY_H 1
| #define HAVE_STRINGS_H 1
| #define HAVE_INTTYPES_H 1
| #define HAVE_STDINT_H 1
| #define HAVE_UNISTD_H 1
| #define HAVE_DLFCN_H 1
| #define LT_OBJDIR ".libs/"
| /* end confdefs.h.  */
| #include <ac_nonexistent.h>
configure:9988: checking for ld used by g++
configure:10055: result: /usr/bin/ld -m elf_x86_64
configure:10062: checking if the linker (/usr/bin/ld -m elf_x86_64) is GNU ld
configure:10077: result: yes
configure:10132: checking whether the g++ linker (/usr/bin/ld -m elf_x86_64) supports shared libraries
configure:11134: result: yes
configure:11170: g++ -c -Wall -Wextra -std=c++0x -g -O3  conftest.cpp >&5
configure:11173: $? = 0
configure:11693: checking for g++ option to produce PIC
configure:11700: result: -fPIC -DPIC
configure:11708: checking if g++ PIC flag -fPIC -DPIC works
configure:11726: g++ -c -Wall -Wextra -std=c++0x -g -O3  -fPIC -DPIC -DPIC conftest.cpp >&5
configure:11730: $? = 0
configure:11743: result: yes
configure:11766: checking if g++ static flag -static works
configure:11794: result: yes
configure:11806: checking if g++ supports -c -o file.o
configure:11827: g++ -c -Wall -Wextra -std=c++0x -g -O3  -o out/conftest2.o conftest.cpp >&5
configure:11831: $? = 0
configure:11853: result: yes
configure:11858: checking if g++ supports -c -o file.o
configure:11905: result: yes
configure:11935: checking whether the g++ linker (/usr/bin/ld -m elf_x86_64) supports shared libraries
configure:11974: result: yes
configure:12115: checking dynamic linker characteristics
configure:12783: result: GNU/Linux ld.so
configure:12836: checking how to hardcode library paths into programs
configure:12861: result: immediate
configure:11864: checking whether byte ordering is bigendian
configure:11879: gcc -c -Wall -Wextra -g -O3  conftest.c >&5
conftest.c:24:9: error: unknown type name 'not'
   24 |         not a universal capable compiler
      |         ^~~
conftest.c:24:15: error: expected '=', ',', ';', 'asm' or '__attribute__' before 'universal'
   24 |         not a universal capable compiler
      |               ^~~~~~~~~
conftest.c:24:15: error: unknown type name 'universal'
configure:11879: $? = 1
configure: failed program was:
| /* confdefs.h */
| #define PACKAGE_NAME "cudd"
| #define PACKAGE_TARNAME "cudd"
| #define PACKAGE_VERSION "3.0.0"
| #define PACKAGE_STRING "cudd 3.0.0"
| #define PACKAGE_BUGREPORT "Fabio@Colorado.EDU"
| #define PACKAGE_URL ""
| #define PACKAGE "cudd"
| #define VERSION "3.0.0"
| #define STDC_HEADERS 1
| #define HAVE_SYS_TYPES_H 1
| #define HAVE_SYS_STAT_H 1
| #define HAVE_STDLIB_H 1
| #define HAVE_STRING_H 1
| #define HAVE_MEMORY_H 1
| #define HAVE_STRINGS_H 1
| #define HAVE_INTTYPES_H 1
| #define HAVE_STDINT_H 1
| #define HAVE_UNISTD_H 1
| #define HAVE_DLFCN_H 1
| #define LT_OBJDIR ".libs/"
| /* end confdefs.h.  */
| #ifndef __APPLE_CC__
| 	       not a universal capable compiler
| 	     #endif
| 	     typedef int dummy;
| 
configure:11924: gcc -c -Wall -Wextra -g -O3  conftest.c >&5
configure:11924: $? = 0
configure:11942: gcc -c -Wall -Wextra -g -O3  conftest.c >&5
conftest.c: In function 'main':
conftest.c:30:4: error: unknown type name 'not'; did you mean 'ino_t'?
   30 |    not big endian
      |    ^~~
      |    ino_t
conftest.c:30:12: error: expected '=', ',', ';', 'asm' or '__attribute__' before 'endian'
   30 |    not big endian
      |            ^~~~~~
configure:11942: $? = 1
configure: failed program was:
| /* confdefs.h */
| #define PACKAGE_NAME "cudd"
| #define PACKAGE_TARNAME "cudd"
| #define PACKAGE_VERSION "3.0.0"
| #define PACKAGE_STRING "cudd 3.0.0"
| #define PACKAGE_BUGREPORT "Fabio@Colorado.EDU"
| #define PACKAGE_URL ""
| #define PACKAGE "cudd"
| #define VERSION "3.0.0"
| #define STDC_HEADERS 1
| #define HAVE_SYS_TYPES_H 1
| #define HAVE_SYS_STAT_H 1
| #define HAVE_STDLIB_H 1
| #define HAVE_STRING_H 1
| #define HAVE_MEMORY_H 1
| #define HAVE_STRINGS_H 1
| #define HAVE_INTTYPES_H 1
| #define HAVE_STDINT_H 1
| #define HAVE_UNISTD_H 1
| #define HAVE_DLFCN_H 1
| #define LT_OBJDIR ".libs/"
| /* end confdefs.h.  */
| #include <sys/types.h>
| 		#include <sys/param.h>
| 
| int
| main ()
| {
| #if BYTE_ORDER != BIG_ENDIAN
| 		 not big endian
| 		#endif
| 
|   ;
|   return 0;
| }
configure:12070: result: no
configure:12099: checking for library containing pow
configure:12130: gcc -o conftest -Wall -Wextra -g -O3   conftest.c  >&5
conftest.c:30:6: warning: conflicting types for built-in function 'pow'; expected 'double(double,  double)' [-Wbuiltin-declaration-mismatch]
   30 | char pow ();
      |      ^~~
conftest.c:1:1: note: 'pow' is declared in header '<math.h>'
    1 | /* confdefs.h */
/usr/bin/ld: /tmp/cc2ehIof.o: in function `main':
/home/kaveh/Development/eclipse/neos/lib/cudd/conftest.c:34: undefined reference to `pow'
collect2: error: ld returned 1 exit status
configure:12130: $? = 1
configure: failed program was:
| /* confdefs.h */
| #define PACKAGE_NAME "cudd"
| #define PACKAGE_TARNAME "cudd"
| #define PACKAGE_VERSION "3.0.0"
| #define PACKAGE_STRING "cudd 3.0.0"
| #define PACKAGE_BUGREPORT "Fabio@Colorado.EDU"
| #define PACKAGE_URL ""
| #define PACKAGE "cudd"
| #define VERSION "3.0.0"
| #define STDC_HEADERS 1
| #define HAVE_SYS_TYPES_H 1
| #define HAVE_SYS_STAT_H 1
| #define HAVE_STDLIB_H 1
| #define HAVE_STRING_H 1
| #define HAVE_MEMORY_H 1
| #define HAVE_STRINGS_H 1
| #define HAVE_INTTYPES_H 1
| #define HAVE_STDINT_H 1
| #define HAVE_UNISTD_H 1
| #define HAVE_DLFCN_H 1
| #define LT_OBJDIR ".libs/"
| /* end confdefs.h.  */
| 
| /* Override any GCC internal prototype to avoid an error.
|    Use char because int might match the return type of a GCC
|    builtin and then its argument prototype would still apply.  */
| #ifdef __cplusplus
| extern "C"
| #endif
| char pow ();
| int
| main ()
| {
| return pow ();
|   ;
|   return 0;
| }
configure:12130: gcc -o conftest -Wall -Wextra -g -O3   conftest.c -lm   >&5
conftest.c:30:6: warning: conflicting types for built-in function 'pow'; expected 'double(double,  double)' [-Wbuiltin-declaration-mismatch]
   30 | char pow ();
      |      ^~~
conftest.c:1:1: note: 'pow' is declared in header '<math.h>'
    1 | /* confdefs.h */
configure:12130: $? = 0
configure:12147: result: -lm
configure:12155: checking for pthread_create in -lpthread
configure:12180: gcc -o conftest -Wall -Wextra -g -O3   conftest.c -lpthread  -lm  >&5
configure:12180: $? = 0
configure:12189: result: yes
configure:12206: checking for library containing WSAStartup
configure:12237: gcc -o conftest -Wall -Wextra -g -O3   conftest.c -lm  >&5
/usr/bin/ld: /tmp/cc4U7RF2.o: in function `main':
/home/kaveh/Development/eclipse/neos/lib/cudd/conftest.c:34: undefined reference to `WSAStartup'
collect2: error: ld returned 1 exit status
configure:12237: $? = 1
configure: failed program was:
| /* confdefs.h */
| #define PACKAGE_NAME "cudd"
| #define PACKAGE_TARNAME "cudd"
| #define PACKAGE_VERSION "3.0.0"
| #define PACKAGE_STRING "cudd 3.0.0"
| #define PACKAGE_BUGREPORT "Fabio@Colorado.EDU"
| #define PACKAGE_URL ""
| #define PACKAGE "cudd"
| #define VERSION "3.0.0"
| #define STDC_HEADERS 1
| #define HAVE_SYS_TYPES_H 1
| #define HAVE_SYS_STAT_H 1
| #define HAVE_STDLIB_H 1
| #define HAVE_STRING_H 1
| #define HAVE_MEMORY_H 1
| #define HAVE_STRINGS_H 1
| #define HAVE_INTTYPES_H 1
| #define HAVE_STDINT_H 1
| #define HAVE_UNISTD_H 1
| #define HAVE_DLFCN_H 1
| #define LT_OBJDIR ".libs/"
| /* end confdefs.h.  */
| 
| /* Override any GCC internal prototype to avoid an error.
|    Use char because int might match the return type of a GCC
|    builtin and then its argument prototype would still apply.  */
| #ifdef __cplusplus
| extern "C"
| #endif
| char WSAStartup ();
| int
| main ()
| {
| return WSAStartup ();
|   ;
|   return 0;
| }
configure:12237: gcc -o conftest -Wall -Wextra -g -O3   conftest.c -lws2_32  -lm  >&5
/usr/bin/ld: cannot find -lws2_32
collect2: error: ld returned 1 exit status
configure:12237: $? = 1
configure: failed program was:
| /* confdefs.h */
| #define PACKAGE_NAME "cudd"
| #define PACKAGE_TARNAME "cudd"
| #define PACKAGE_VERSION "3.0.0"
| #define PACKAGE_STRING "cudd 3.0.0"
| #define PACKAGE_BUGREPORT "Fabio@Colorado.EDU"
| #define PACKAGE_URL ""
| #define PACKAGE "cudd"
| #define VERSION "3.0.0"
| #define STDC_HEADERS 1
| #define HAVE_SYS_TYPES_H 1
| #define HAVE_SYS_STAT_H 1
| #define HAVE_STDLIB_H 1
| #define HAVE_STRING_H 1
| #define HAVE_MEMORY_H 1
| #define HAVE_STRINGS_H 1
| #define HAVE_INTTYPES_H 1
| #define HAVE_STDINT_H 1
| #define HAVE_UNISTD_H 1
| #define HAVE_DLFCN_H 1
| #define LT_OBJDIR ".libs/"
| /* end confdefs.h.  */
| 
| /* Override any GCC internal prototype to avoid an error.
|    Use char because int might match the return type of a GCC
|    builtin and then its argument prototype would still apply.  */
| #ifdef __cplusplus
| extern "C"
| #endif
| char WSAStartup ();
| int
| main ()
| {
| return WSAStartup ();
|   ;
|   return 0;
| }
configure:12254: result: no
configure:12262: checking for library containing GetProcessMemoryInfo
configure:12293: gcc -o conftest -Wall -Wextra -g -O3   conftest.c -lm  >&5
/usr/bin/ld: /tmp/ccHPXQ3a.o: in function `main':
/home/kaveh/Development/eclipse/neos/lib/cudd/conftest.c:34: undefined reference to `GetProcessMemoryInfo'
collect2: error: ld returned 1 exit status
configure:12293: $? = 1
configure: failed program was:
| /* confdefs.h */
| #define PACKAGE_NAME "cudd"
| #define PACKAGE_TARNAME "cudd"
| #define PACKAGE_VERSION "3.0.0"
| #define PACKAGE_STRING "cudd 3.0.0"
| #define PACKAGE_BUGREPORT "Fabio@Colorado.EDU"
| #define PACKAGE_URL ""
| #define PACKAGE "cudd"
| #define VERSION "3.0.0"
| #define STDC_HEADERS 1
| #define HAVE_SYS_TYPES_H 1
| #define HAVE_SYS_STAT_H 1
| #define HAVE_STDLIB_H 1
| #define HAVE_STRING_H 1
| #define HAVE_MEMORY_H 1
| #define HAVE_STRINGS_H 1
| #define HAVE_INTTYPES_H 1
| #define HAVE_STDINT_H 1
| #define HAVE_UNISTD_H 1
| #define HAVE_DLFCN_H 1
| #define LT_OBJDIR ".libs/"
| /* end confdefs.h.  */
| 
| /* Override any GCC internal prototype to avoid an error.
|    Use char because int might match the return type of a GCC
|    builtin and then its argument prototype would still apply.  */
| #ifdef __cplusplus
| extern "C"
| #endif
| char GetProcessMemoryInfo ();
| int
| main ()
| {
| return GetProcessMemoryInfo ();
|   ;
|   return 0;
| }
configure:12293: gcc -o conftest -Wall -Wextra -g -O3   conftest.c -lpsapi  -lm  >&5
/usr/bin/ld: cannot find -lpsapi
collect2: error: ld returned 1 exit status
configure:12293: $? = 1
configure: failed program was:
| /* confdefs.h */
| #define PACKAGE_NAME "cudd"
| #define PACKAGE_TARNAME "cudd"
| #define PACKAGE_VERSION "3.0.0"
| #define PACKAGE_STRING "cudd 3.0.0"
| #define PACKAGE_BUGREPORT "Fabio@Colorado.EDU"
| #define PACKAGE_URL ""
| #define PACKAGE "cudd"
| #define VERSION "3.0.0"
| #define STDC_HEADERS 1
| #define HAVE_SYS_TYPES_H 1
| #define HAVE_SYS_STAT_H 1
| #define HAVE_STDLIB_H 1
| #define HAVE_STRING_H 1
| #define HAVE_MEMORY_H 1
| #define HAVE_STRINGS_H 1
| #define HAVE_INTTYPES_H 1
| #define HAVE_STDINT_H 1
| #define HAVE_UNISTD_H 1
| #define HAVE_DLFCN_H 1
| #define LT_OBJDIR ".libs/"
| /* end confdefs.h.  */
| 
| /* Override any GCC internal prototype to avoid an error.
|    Use char because int might match the return type of a GCC
|    builtin and then its argument prototype would still apply.  */
| #ifdef __cplusplus
| extern "C"
| #endif
| char GetProcessMemoryInfo ();
| int
| main ()
| {
| return GetProcessMemoryInfo ();
|   ;
|   return 0;
| }
configure:12310: result: no
configure:12324: checking float.h usability
configure:12324: gcc -c -Wall -Wextra -g -O3  conftest.c >&5
configure:12324: $? = 0
configure:12324: result: yes
configure:12324: checking float.h presence
configure:12324: gcc -E  conftest.c
configure:12324: $? = 0
configure:12324: result: yes
configure:12324: checking for float.h
configure:12324: result: yes
configure:12324: checking for inttypes.h
configure:12324: result: yes
configure:12324: checking limits.h usability
configure:12324: gcc -c -Wall -Wextra -g -O3  conftest.c >&5
configure:12324: $? = 0
configure:12324: result: yes
configure:12324: checking limits.h presence
configure:12324: gcc -E  conftest.c
configure:12324: $? = 0
configure:12324: result: yes
configure:12324: checking for limits.h
configure:12324: result: yes
configure:12324: checking stddef.h usability
configure:12324: gcc -c -Wall -Wextra -g -O3  conftest.c >&5
configure:12324: $? = 0
configure:12324: result: yes
configure:12324: checking stddef.h presence
configure:12324: gcc -E  conftest.c
configure:12324: $? = 0
configure:12324: result: yes
configure:12324: checking for stddef.h
configure:12324: result: yes
configure:12324: checking for stdlib.h
configure:12324: result: yes
configure:12324: checking for string.h
configure:12324: result: yes
configure:12324: checking assert.h usability
configure:12324: gcc -c -Wall -Wextra -g -O3  conftest.c >&5
configure:12324: $? = 0
configure:12324: result: yes
configure:12324: checking assert.h presence
configure:12324: gcc -E  conftest.c
configure:12324: $? = 0
configure:12324: result: yes
configure:12324: checking for assert.h
configure:12324: result: yes
configure:12324: checking math.h usability
configure:12324: gcc -c -Wall -Wextra -g -O3  conftest.c >&5
configure:12324: $? = 0
configure:12324: result: yes
configure:12324: checking math.h presence
configure:12324: gcc -E  conftest.c
configure:12324: $? = 0
configure:12324: result: yes
configure:12324: checking for math.h
configure:12324: result: yes
configure:12343: checking for unistd.h
configure:12343: result: yes
configure:12343: checking sys/time.h usability
configure:12343: gcc -c -Wall -Wextra -g -O3  conftest.c >&5
configure:12343: $? = 0
configure:12343: result: yes
configure:12343: checking sys/time.h presence
configure:12343: gcc -E  conftest.c
configure:12343: $? = 0
configure:12343: result: yes
configure:12343: checking for sys/time.h
configure:12343: result: yes
configure:12343: checking sys/times.h usability
configure:12343: gcc -c -Wall -Wextra -g -O3  conftest.c >&5
configure:12343: $? = 0
configure:12343: result: yes
configure:12343: checking sys/times.h presence
configure:12343: gcc -E  conftest.c
configure:12343: $? = 0
configure:12343: result: yes
configure:12343: checking for sys/times.h
configure:12343: result: yes
configure:12343: checking sys/resource.h usability
configure:12343: gcc -c -Wall -Wextra -g -O3  conftest.c >&5
configure:12343: $? = 0
configure:12343: result: yes
configure:12343: checking sys/resource.h presence
configure:12343: gcc -E  conftest.c
configure:12343: $? = 0
configure:12343: result: yes
configure:12343: checking for sys/resource.h
configure:12343: result: yes
configure:12343: checking sys/wait.h usability
configure:12343: gcc -c -Wall -Wextra -g -O3  conftest.c >&5
configure:12343: $? = 0
configure:12343: result: yes
configure:12343: checking sys/wait.h presence
configure:12343: gcc -E  conftest.c
configure:12343: $? = 0
configure:12343: result: yes
configure:12343: checking for sys/wait.h
configure:12343: result: yes
configure:12354: checking for working C++ thread header
configure:12373: g++ -c -Wall -Wextra -std=c++0x -g -O3  conftest.cpp >&5
configure:12373: $? = 0
configure:12386: result: yes
configure:12397: checking for stdbool.h that conforms to C99
configure:12464: gcc -c -Wall -Wextra -g -O3  conftest.c >&5
conftest.c: In function 'main':
conftest.c:86:14: warning: the address of 's' will always evaluate as 'true' [-Waddress]
   86 |              bool e = &s;
      |              ^~~~
conftest.c:90:22: warning: the address of 'a' will always evaluate as 'true' [-Waddress]
   90 |              return (!a + !b + !c + !d + !e + !f + !g + !h + !i + !!j + !k + !!l
      |                      ^
conftest.c:90:27: warning: the address of 'b' will always evaluate as 'true' [-Waddress]
   90 |              return (!a + !b + !c + !d + !e + !f + !g + !h + !i + !!j + !k + !!l
      |                           ^
conftest.c:90:32: warning: the address of 'c' will always evaluate as 'true' [-Waddress]
   90 |              return (!a + !b + !c + !d + !e + !f + !g + !h + !i + !!j + !k + !!l
      |                                ^
conftest.c:90:37: warning: the address of 'd' will always evaluate as 'true' [-Waddress]
   90 |              return (!a + !b + !c + !d + !e + !f + !g + !h + !i + !!j + !k + !!l
      |                                     ^
conftest.c:90:47: warning: the address of 'f' will always evaluate as 'true' [-Waddress]
   90 |              return (!a + !b + !c + !d + !e + !f + !g + !h + !i + !!j + !k + !!l
      |                                               ^
conftest.c:90:52: warning: the address of 'g' will always evaluate as 'true' [-Waddress]
   90 |              return (!a + !b + !c + !d + !e + !f + !g + !h + !i + !!j + !k + !!l
      |                                                    ^
conftest.c:90:57: warning: the address of 'h' will always evaluate as 'true' [-Waddress]
   90 |              return (!a + !b + !c + !d + !e + !f + !g + !h + !i + !!j + !k + !!l
      |                                                         ^
conftest.c:90:62: warning: the address of 'i' will always evaluate as 'true' [-Waddress]
   90 |              return (!a + !b + !c + !d + !e + !f + !g + !h + !i + !!j + !k + !!l
      |                                                              ^
conftest.c:91:29: warning: the address of 'n' will always evaluate as 'true' [-Waddress]
   91 |                      + !m + !n + !o + !p + !q + !pq);
      |                             ^
conftest.c:91:34: warning: the address of 'o' will always evaluate as 'true' [-Waddress]
   91 |                      + !m + !n + !o + !p + !q + !pq);
      |                                  ^
conftest.c:91:39: warning: the address of 'p' will always evaluate as 'true' [-Waddress]
   91 |                      + !m + !n + !o + !p + !q + !pq);
      |                                       ^
configure:12464: $? = 0
configure:12471: result: yes
configure:12473: checking for _Bool
configure:12473: gcc -c -Wall -Wextra -g -O3  conftest.c >&5
configure:12473: $? = 0
configure:12473: gcc -c -Wall -Wextra -g -O3  conftest.c >&5
conftest.c: In function 'main':
conftest.c:73:20: error: expected expression before ')' token
   73 | if (sizeof ((_Bool)))
      |                    ^
configure:12473: $? = 1
configure: failed program was:
| /* confdefs.h */
| #define PACKAGE_NAME "cudd"
| #define PACKAGE_TARNAME "cudd"
| #define PACKAGE_VERSION "3.0.0"
| #define PACKAGE_STRING "cudd 3.0.0"
| #define PACKAGE_BUGREPORT "Fabio@Colorado.EDU"
| #define PACKAGE_URL ""
| #define PACKAGE "cudd"
| #define VERSION "3.0.0"
| #define STDC_HEADERS 1
| #define HAVE_SYS_TYPES_H 1
| #define HAVE_SYS_STAT_H 1
| #define HAVE_STDLIB_H 1
| #define HAVE_STRING_H 1
| #define HAVE_MEMORY_H 1
| #define HAVE_STRINGS_H 1
| #define HAVE_INTTYPES_H 1
| #define HAVE_STDINT_H 1
| #define HAVE_UNISTD_H 1
| #define HAVE_DLFCN_H 1
| #define LT_OBJDIR ".libs/"
| #define HAVE_FLOAT_H 1
| #define HAVE_INTTYPES_H 1
| #define HAVE_LIMITS_H 1
| #define HAVE_STDDEF_H 1
| #define HAVE_STDLIB_H 1
| #define HAVE_STRING_H 1
| #define HAVE_ASSERT_H 1
| #define HAVE_MATH_H 1
| #define HAVE_UNISTD_H 1
| #define HAVE_SYS_TIME_H 1
| #define HAVE_SYS_TIMES_H 1
| #define HAVE_SYS_RESOURCE_H 1
| #define HAVE_SYS_WAIT_H 1
| #define HAVE_WORKING_THREAD 1
| /* end confdefs.h.  */
| #include <stdio.h>
| #ifdef HAVE_SYS_TYPES_H
| # include <sys/types.h>
| #endif
| #ifdef HAVE_SYS_STAT_H
| # include <sys/stat.h>
| #endif
| #ifdef STDC_HEADERS
| # include <stdlib.h>
| # include <stddef.h>
| #else
| # ifdef HAVE_STDLIB_H
| #  include <stdlib.h>
| # endif
| #endif
| #ifdef HAVE_STRING_H
| # if !defined STDC_HEADERS && defined HAVE_MEMORY_H
| #  include <memory.h>
| # endif
| # include <string.h>
| #endif
| #ifdef HAVE_STRINGS_H
| # include <strings.h>
| #endif
| #ifdef HAVE_INTTYPES_H
| # include <inttypes.h>
| #endif
| #ifdef HAVE_STDINT_H
| # include <stdint.h>
| #endif
| #ifdef HAVE_UNISTD_H
| # include <unistd.h>
| #endif
| int
| main ()
| {
| if (sizeof ((_Bool)))
| 	    return 0;
|   ;
|   return 0;
| }
configure:12473: result: yes
configure:12484: checking for inline
configure:12500: gcc -c -Wall -Wextra -g -O3  conftest.c >&5
configure:12500: $? = 0
configure:12508: result: inline
configure:12526: checking for size_t
configure:12526: gcc -c -Wall -Wextra -g -O3  conftest.c >&5
configure:12526: $? = 0
configure:12526: gcc -c -Wall -Wextra -g -O3  conftest.c >&5
conftest.c: In function 'main':
conftest.c:74:21: error: expected expression before ')' token
   74 | if (sizeof ((size_t)))
      |                     ^
configure:12526: $? = 1
configure: failed program was:
| /* confdefs.h */
| #define PACKAGE_NAME "cudd"
| #define PACKAGE_TARNAME "cudd"
| #define PACKAGE_VERSION "3.0.0"
| #define PACKAGE_STRING "cudd 3.0.0"
| #define PACKAGE_BUGREPORT "Fabio@Colorado.EDU"
| #define PACKAGE_URL ""
| #define PACKAGE "cudd"
| #define VERSION "3.0.0"
| #define STDC_HEADERS 1
| #define HAVE_SYS_TYPES_H 1
| #define HAVE_SYS_STAT_H 1
| #define HAVE_STDLIB_H 1
| #define HAVE_STRING_H 1
| #define HAVE_MEMORY_H 1
| #define HAVE_STRINGS_H 1
| #define HAVE_INTTYPES_H 1
| #define HAVE_STDINT_H 1
| #define HAVE_UNISTD_H 1
| #define HAVE_DLFCN_H 1
| #define LT_OBJDIR ".libs/"
| #define HAVE_FLOAT_H 1
| #define HAVE_INTTYPES_H 1
| #define HAVE_LIMITS_H 1
| #define HAVE_STDDEF_H 1
| #define HAVE_STDLIB_H 1
| #define HAVE_STRING_H 1
| #define HAVE_ASSERT_H 1
| #define HAVE_MATH_H 1
| #define HAVE_UNISTD_H 1
| #define HAVE_SYS_TIME_H 1
| #define HAVE_SYS_TIMES_H 1
| #define HAVE_SYS_RESOURCE_H 1
| #define HAVE_SYS_WAIT_H 1
| #define HAVE_WORKING_THREAD 1
| #define HAVE__BOOL 1
| /* end confdefs.h.  */
| #include <stdio.h>
| #ifdef HAVE_SYS_TYPES_H
| # include <sys/types.h>
| #endif
| #ifdef HAVE_SYS_STAT_H
| # include <sys/stat.h>
| #endif
| #ifdef STDC_HEADERS
| # include <stdlib.h>
| # include <stddef.h>
| #else
| # ifdef HAVE_STDLIB_H
| #  include <stdlib.h>
| # endif
| #endif
| #ifdef HAVE_STRING_H
| # if !defined STDC_HEADERS && defined HAVE_MEMORY_H
| #  include <memory.h>
| # endif
| # include <string.h>
| #endif
| #ifdef HAVE_STRINGS_H
| # include <strings.h>
| #endif
| #ifdef HAVE_INTTYPES_H
| # include <inttypes.h>
| #endif
| #ifdef HAVE_STDINT_H
| # include <stdint.h>
| #endif
| #ifdef HAVE_UNISTD_H
| # include <unistd.h>
| #endif
| int
| main ()
| {
| if (sizeof ((size_t)))
| 	    return 0;
|   ;
|   return 0;
| }
configure:12526: result: yes
configure:12537: checking for uint16_t
configure:12537: gcc -c -Wall -Wextra -g -O3  conftest.c >&5
configure:12537: $? = 0
configure:12537: result: yes
configure:12549: checking for uint32_t
configure:12549: gcc -c -Wall -Wextra -g -O3  conftest.c >&5
configure:12549: $? = 0
configure:12549: result: yes
configure:12563: checking for ptrdiff_t
configure:12563: gcc -c -Wall -Wextra -g -O3  conftest.c >&5
configure:12563: $? = 0
configure:12563: gcc -c -Wall -Wextra -g -O3  conftest.c >&5
conftest.c: In function 'main':
conftest.c:74:24: error: expected expression before ')' token
   74 | if (sizeof ((ptrdiff_t)))
      |                        ^
configure:12563: $? = 1
configure: failed program was:
| /* confdefs.h */
| #define PACKAGE_NAME "cudd"
| #define PACKAGE_TARNAME "cudd"
| #define PACKAGE_VERSION "3.0.0"
| #define PACKAGE_STRING "cudd 3.0.0"
| #define PACKAGE_BUGREPORT "Fabio@Colorado.EDU"
| #define PACKAGE_URL ""
| #define PACKAGE "cudd"
| #define VERSION "3.0.0"
| #define STDC_HEADERS 1
| #define HAVE_SYS_TYPES_H 1
| #define HAVE_SYS_STAT_H 1
| #define HAVE_STDLIB_H 1
| #define HAVE_STRING_H 1
| #define HAVE_MEMORY_H 1
| #define HAVE_STRINGS_H 1
| #define HAVE_INTTYPES_H 1
| #define HAVE_STDINT_H 1
| #define HAVE_UNISTD_H 1
| #define HAVE_DLFCN_H 1
| #define LT_OBJDIR ".libs/"
| #define HAVE_FLOAT_H 1
| #define HAVE_INTTYPES_H 1
| #define HAVE_LIMITS_H 1
| #define HAVE_STDDEF_H 1
| #define HAVE_STDLIB_H 1
| #define HAVE_STRING_H 1
| #define HAVE_ASSERT_H 1
| #define HAVE_MATH_H 1
| #define HAVE_UNISTD_H 1
| #define HAVE_SYS_TIME_H 1
| #define HAVE_SYS_TIMES_H 1
| #define HAVE_SYS_RESOURCE_H 1
| #define HAVE_SYS_WAIT_H 1
| #define HAVE_WORKING_THREAD 1
| #define HAVE__BOOL 1
| /* end confdefs.h.  */
| #include <stdio.h>
| #ifdef HAVE_SYS_TYPES_H
| # include <sys/types.h>
| #endif
| #ifdef HAVE_SYS_STAT_H
| # include <sys/stat.h>
| #endif
| #ifdef STDC_HEADERS
| # include <stdlib.h>
| # include <stddef.h>
| #else
| # ifdef HAVE_STDLIB_H
| #  include <stdlib.h>
| # endif
| #endif
| #ifdef HAVE_STRING_H
| # if !defined STDC_HEADERS && defined HAVE_MEMORY_H
| #  include <memory.h>
| # endif
| # include <string.h>
| #endif
| #ifdef HAVE_STRINGS_H
| # include <strings.h>
| #endif
| #ifdef HAVE_INTTYPES_H
| # include <inttypes.h>
| #endif
| #ifdef HAVE_STDINT_H
| # include <stdint.h>
| #endif
| #ifdef HAVE_UNISTD_H
| # include <unistd.h>
| #endif
| int
| main ()
| {
| if (sizeof ((ptrdiff_t)))
| 	    return 0;
|   ;
|   return 0;
| }
configure:12563: result: yes
configure:12577: checking size of int
configure:12582: gcc -o conftest -Wall -Wextra -g -O3   conftest.c -lm  >&5
configure:12582: $? = 0
configure:12582: ./conftest
configure:12582: $? = 0
configure:12596: result: 4
configure:12610: checking size of long
configure:12615: gcc -o conftest -Wall -Wextra -g -O3   conftest.c -lm  >&5
configure:12615: $? = 0
configure:12615: ./conftest
configure:12615: $? = 0
configure:12629: result: 8
configure:12643: checking size of void *
configure:12648: gcc -o conftest -Wall -Wextra -g -O3   conftest.c -lm  >&5
configure:12648: $? = 0
configure:12648: ./conftest
configure:12648: $? = 0
configure:12662: result: 8
configure:12676: checking size of long double
configure:12681: gcc -o conftest -Wall -Wextra -g -O3   conftest.c -lm  >&5
configure:12681: $? = 0
configure:12681: ./conftest
configure:12681: $? = 0
configure:12695: result: 16
configure:12705: checking whether we are building for a Win32 host
configure:12717: gcc -c -Wall -Wextra -g -O3  conftest.c >&5
configure:12717: $? = 0
configure:12724: result: no
configure:12739: checking whether enough of C++11 is supported
configure:12758: g++ -c -Wall -Wextra -std=c++0x -g -O3  conftest.cpp >&5
conftest.cpp: In function 'int main()':
conftest.cpp:46:9: warning: unused variable 'p' [-Wunused-variable]
   46 |   void *p = nullptr;
      |         ^
configure:12758: $? = 0
configure:12771: result: yes
configure:12784: checking for pow
configure:12784: gcc -o conftest -Wall -Wextra -g -O3   conftest.c -lm  >&5
conftest.c:67:6: warning: conflicting types for built-in function 'pow'; expected 'double(double,  double)' [-Wbuiltin-declaration-mismatch]
   67 | char pow ();
      |      ^~~
conftest.c:55:1: note: 'pow' is declared in header '<math.h>'
   54 | # include <limits.h>
   55 | #else
configure:12784: $? = 0
configure:12784: result: yes
configure:12784: checking for sqrt
configure:12784: gcc -o conftest -Wall -Wextra -g -O3   conftest.c -lm  >&5
conftest.c:68:6: warning: conflicting types for built-in function 'sqrt'; expected 'double(double)' [-Wbuiltin-declaration-mismatch]
   68 | char sqrt ();
      |      ^~~~
conftest.c:56:1: note: 'sqrt' is declared in header '<math.h>'
   55 | # include <limits.h>
   56 | #else
configure:12784: $? = 0
configure:12784: result: yes
configure:12784: checking for strchr
configure:12784: gcc -o conftest -Wall -Wextra -g -O3   conftest.c -lm  >&5
conftest.c:69:6: warning: conflicting types for built-in function 'strchr'; expected 'char *(const char *, int)' [-Wbuiltin-declaration-mismatch]
   69 | char strchr ();
      |      ^~~~~~
conftest.c:57:1: note: 'strchr' is declared in header '<string.h>'
   56 | # include <limits.h>
   57 | #else
configure:12784: $? = 0
configure:12784: result: yes
configure:12784: checking for strstr
configure:12784: gcc -o conftest -Wall -Wextra -g -O3   conftest.c -lm  >&5
conftest.c:70:6: warning: conflicting types for built-in function 'strstr'; expected 'char *(const char *, const char *)' [-Wbuiltin-declaration-mismatch]
   70 | char strstr ();
      |      ^~~~~~
conftest.c:58:1: note: 'strstr' is declared in header '<string.h>'
   57 | # include <limits.h>
   58 | #else
configure:12784: $? = 0
configure:12784: result: yes
configure:12802: checking for powl
configure:12802: gcc -o conftest -Wall -Wextra -g -O3   conftest.c -lm  >&5
conftest.c:71:6: warning: conflicting types for built-in function 'powl'; expected 'long double(long double,  long double)' [-Wbuiltin-declaration-mismatch]
   71 | char powl ();
      |      ^~~~
conftest.c:59:1: note: 'powl' is declared in header '<math.h>'
   58 | # include <limits.h>
   59 | #else
configure:12802: $? = 0
configure:12802: result: yes
configure:12802: checking for gethostname
configure:12802: gcc -o conftest -Wall -Wextra -g -O3   conftest.c -lm  >&5
configure:12802: $? = 0
configure:12802: result: yes
configure:12802: checking for getrlimit
configure:12802: gcc -o conftest -Wall -Wextra -g -O3   conftest.c -lm  >&5
configure:12802: $? = 0
configure:12802: result: yes
configure:12802: checking for getrusage
configure:12802: gcc -o conftest -Wall -Wextra -g -O3   conftest.c -lm  >&5
configure:12802: $? = 0
configure:12802: result: yes
configure:12802: checking for sysconf
configure:12802: gcc -o conftest -Wall -Wextra -g -O3   conftest.c -lm  >&5
configure:12802: $? = 0
configure:12802: result: yes
configure:12814: checking for +Infinity (IEEE 754 floating point)
configure:12833: gcc -o conftest -Wall -Wextra -g -O3   conftest.c -lm  >&5
conftest.c:55:1: warning: return type defaults to 'int' [-Wimplicit-int]
   55 | main(void)
      | ^~~~
configure:12833: $? = 0
configure:12833: ./conftest
configure:12833: $? = 0
configure:12864: result: yes
configure:12993: checking that generated files are newer than configure
configure:12999: result: done
configure:13047: creating ./config.status

## ---------------------- ##
## Running config.status. ##
## ---------------------- ##

This file was extended by cudd config.status 3.0.0, which was
generated by GNU Autoconf 2.69.  Invocation command line was

  CONFIG_FILES    = 
  CONFIG_HEADERS  = 
  CONFIG_LINKS    = 
  CONFIG_COMMANDS = 
  $ ./config.status 

on kaveh-ROG-Flow-X13

config.status:1190: creating Makefile
config.status:1190: creating dddmp/exp/test1.sh
config.status:1190: creating dddmp/exp/test2.sh
config.status:1190: creating dddmp/exp/test3.sh
config.status:1190: creating dddmp/exp/test4.sh
config.status:1190: creating dddmp/exp/test5.sh
config.status:1190: creating dddmp/exp/test6.sh
config.status:1190: creating dddmp/exp/test7.sh
config.status:1190: creating config.h
config.status:1371: config.h is unchanged
config.status:1419: executing depfiles commands
config.status:1496: cd .       && sed -e '/# am--include-marker/d' Makefile         | make -f - am--depfiles
config.status:1501: $? = 0
config.status:1419: executing libtool commands

## ---------------- ##
## Cache variables. ##
## ---------------- ##

ac_cv_build=x86_64-unknown-linux-gnu
ac_cv_c_bigendian=no
ac_cv_c_compiler_gnu=yes
ac_cv_c_inline=inline
ac_cv_c_uint16_t=yes
ac_cv_c_uint32_t=yes
ac_cv_cxx_compiler_gnu=yes
ac_cv_env_CCC_set=
ac_cv_env_CCC_value=
ac_cv_env_CC_set=
ac_cv_env_CC_value=
ac_cv_env_CFLAGS_set=
ac_cv_env_CFLAGS_value=
ac_cv_env_CPPFLAGS_set=
ac_cv_env_CPPFLAGS_value=
ac_cv_env_CPP_set=
ac_cv_env_CPP_value=
ac_cv_env_CXXCPP_set=
ac_cv_env_CXXCPP_value=
ac_cv_env_CXXFLAGS_set=
ac_cv_env_CXXFLAGS_value=
ac_cv_env_CXX_set=
ac_cv_env_CXX_value=
ac_cv_env_LDFLAGS_set=
ac_cv_env_LDFLAGS_value=
ac_cv_env_LIBS_set=
ac_cv_env_LIBS_value=
ac_cv_env_build_alias_set=
ac_cv_env_build_alias_value=
ac_cv_env_host_alias_set=
ac_cv_env_host_alias_value=
ac_cv_env_target_alias_set=
ac_cv_env_target_alias_value=
ac_cv_func_gethostname=yes
ac_cv_func_getrlimit=yes
ac_cv_func_getrusage=yes
ac_cv_func_pow=yes
ac_cv_func_powl=yes
ac_cv_func_sqrt=yes
ac_cv_func_strchr=yes
ac_cv_func_strstr=yes
ac_cv_func_sysconf=yes
ac_cv_have_ieee_754=yes
ac_cv_have_modern_cxx=yes
ac_cv_header_assert_h=yes
ac_cv_header_dlfcn_h=yes
ac_cv_header_float_h=yes
ac_cv_header_inttypes_h=yes
ac_cv_header_limits_h=yes
ac_cv_header_math_h=yes
ac_cv_header_memory_h=yes
ac_cv_header_stdbool_h=yes
ac_cv_header_stdc=yes
ac_cv_header_stddef_h=yes
ac_cv_header_stdint_h=yes
ac_cv_header_stdlib_h=yes
ac_cv_header_string_h=yes
ac_cv_header_strings_h=yes
ac_cv_header_sys_resource_h=yes
ac_cv_header_sys_stat_h=yes
ac_cv_header_sys_time_h=yes
ac_cv_header_sys_times_h=yes
ac_cv_header_sys_types_h=yes
ac_cv_header_sys_wait_h=yes
ac_cv_header_unistd_h=yes
ac_cv_host=x86_64-unknown-linux-gnu
ac_cv_lib_pthread_pthread_create=yes
ac_cv_objext=o
ac_cv_path_EGREP='/usr/bin/grep -E'
ac_cv_path_FGREP='/usr/bin/grep -F'
ac_cv_path_GREP=/usr/bin/grep
ac_cv_path_SED=/usr/bin/sed
ac_cv_path_install='/usr/bin/install -c'
ac_cv_path_mkdir=/usr/bin/mkdir
ac_cv_prog_AWK=mawk
ac_cv_prog_CPP='gcc -E'
ac_cv_prog_CXXCPP='g++ -E'
ac_cv_prog_ac_ct_AR=ar
ac_cv_prog_ac_ct_CC=gcc
ac_cv_prog_ac_ct_CXX=g++
ac_cv_prog_ac_ct_MANIFEST_TOOL=mt
ac_cv_prog_ac_ct_OBJDUMP=objdump
ac_cv_prog_ac_ct_RANLIB=ranlib
ac_cv_prog_ac_ct_STRIP=strip
ac_cv_prog_cc_c89=
ac_cv_prog_cc_g=yes
ac_cv_prog_cxx_g=yes
ac_cv_prog_make_make_set=yes
ac_cv_search_GetProcessMemoryInfo=no
ac_cv_search_WSAStartup=no
ac_cv_search_pow=-lm
ac_cv_sizeof_int=4
ac_cv_sizeof_long=8
ac_cv_sizeof_long_double=16
ac_cv_sizeof_void_p=8
ac_cv_type__Bool=yes
ac_cv_type_ptrdiff_t=yes
ac_cv_type_size_t=yes
am_cv_CC_dependencies_compiler_type=gcc3
am_cv_CXX_dependencies_compiler_type=gcc3
am_cv_ar_interface=ar
am_cv_make_support_nested_variables=yes
am_cv_prog_cc_c_o=yes
lt_cv_ar_at_file=@
lt_cv_archive_cmds_need_lc=no
lt_cv_deplibs_check_method=pass_all
lt_cv_file_magic_cmd='$MAGIC_CMD'
lt_cv_file_magic_test_file=
lt_cv_ld_reload_flag=-r
lt_cv_nm_interface='BSD nm'
lt_cv_objdir=.libs
lt_cv_path_LD=/usr/bin/ld
lt_cv_path_LDCXX='/usr/bin/ld -m elf_x86_64'
lt_cv_path_NM='/usr/bin/nm -B'
lt_cv_path_mainfest_tool=no
lt_cv_prog_compiler_c_o=yes
lt_cv_prog_compiler_c_o_CXX=yes
lt_cv_prog_compiler_pic='-fPIC -DPIC'
lt_cv_prog_compiler_pic_CXX='-fPIC -DPIC'
lt_cv_prog_compiler_pic_works=yes
lt_cv_prog_compiler_pic_works_CXX=yes
lt_cv_prog_compiler_rtti_exceptions=no
lt_cv_prog_compiler_static_works=yes
lt_cv_prog_compiler_static_works_CXX=yes
lt_cv_prog_gnu_ld=yes
lt_cv_prog_gnu_ldcxx=yes
lt_cv_sharedlib_from_linklib_cmd='printf %s\n'
lt_cv_shlibpath_overrides_runpath=yes
lt_cv_sys_global_symbol_pipe='sed -n -e '\''s/^.*[	 ]\([ABCDGIRSTW][ABCDGIRSTW]*\)[	 ][	 ]*\([_A-Za-z][_A-Za-z0-9]*\)$/\1 \2 \2/p'\'' | sed '\''/ __gnu_lto/d'\'''
lt_cv_sys_global_symbol_to_c_name_address='sed -n -e '\''s/^: \([^ ]*\)[ ]*$/  {\"\1\", (void *) 0},/p'\'' -e '\''s/^[ABCDGIRSTW]* \([^ ]*\) \([^ ]*\)$/  {"\2", (void *) \&\2},/p'\'''
lt_cv_sys_global_symbol_to_c_name_address_lib_prefix='sed -n -e '\''s/^: \([^ ]*\)[ ]*$/  {\"\1\", (void *) 0},/p'\'' -e '\''s/^[ABCDGIRSTW]* \([^ ]*\) \(lib[^ ]*\)$/  {"\2", (void *) \&\2},/p'\'' -e '\''s/^[ABCDGIRSTW]* \([^ ]*\) \([^ ]*\)$/  {"lib\2", (void *) \&\2},/p'\'''
lt_cv_sys_global_symbol_to_cdecl='sed -n -e '\''s/^T .* \(.*\)$/extern int \1();/p'\'' -e '\''s/^[ABCDGIRSTW]* .* \(.*\)$/extern char \1;/p'\'''
lt_cv_sys_max_cmd_len=1572864
lt_cv_to_host_file_cmd=func_convert_file_noop
lt_cv_to_tool_file_cmd=func_convert_file_noop
mingw_cv_win32_host=no

## ----------------- ##
## Output variables. ##
## ----------------- ##

ACLOCAL='${SHELL} /home/kaveh/Development/eclipse/neos/lib/cudd/build-aux/missing aclocal-1.16'
AMDEPBACKSLASH='\'
AMDEP_FALSE='#'
AMDEP_TRUE=''
AMTAR='$${TAR-tar}'
AM_BACKSLASH='\'
AM_DEFAULT_V='$(AM_DEFAULT_VERBOSITY)'
AM_DEFAULT_VERBOSITY='1'
AM_V='$(V)'
AR='ar'
AS='as'
AUTOCONF='${SHELL} /home/kaveh/Development/eclipse/neos/lib/cudd/build-aux/missing autoconf'
AUTOHEADER='${SHELL} /home/kaveh/Development/eclipse/neos/lib/cudd/build-aux/missing autoheader'
AUTOMAKE='${SHELL} /home/kaveh/Development/eclipse/neos/lib/cudd/build-aux/missing automake-1.16'
AWK='mawk'
CC='gcc'
CCDEPMODE='depmode=gcc3'
CFLAGS='-Wall -Wextra -g -O3'
CPP='gcc -E'
CPPFLAGS=''
CROSS_COMPILING_FALSE=''
CROSS_COMPILING_TRUE='#'
CXX='g++'
CXXCPP='g++ -E'
CXXDEPMODE='depmode=gcc3'
CXXFLAGS='-Wall -Wextra -std=c++0x -g -O3'
CYGPATH_W='echo'
DDDMP_FALSE=''
DDDMP_TRUE='#'
DEFS='-DHAVE_CONFIG_H'
DEPDIR='.deps'
DLLTOOL='false'
DSYMUTIL=''
DUMPBIN=''
ECHO_C=''
ECHO_N='-n'
ECHO_T=''
EGREP='/usr/bin/grep -E'
EXEEXT=''
FGREP='/usr/bin/grep -F'
GREP='/usr/bin/grep'
HAVE_PTHREADS_FALSE='#'
HAVE_PTHREADS_TRUE=''
INSTALL_DATA='${INSTALL} -m 644'
INSTALL_PROGRAM='${INSTALL}'
INSTALL_SCRIPT='${INSTALL}'
INSTALL_STRIP_PROGRAM='$(install_sh) -c -s'
LD='/usr/bin/ld -m elf_x86_64'
LDFLAGS=''
LIBOBJS=''
LIBS='-lm '
LIBTOOL='$(SHELL) $(top_builddir)/libtool'
LIPO=''
LN_S='ln -s'
LTLIBOBJS=''
MAKEINFO='${SHELL} /home/kaveh/Development/eclipse/neos/lib/cudd/build-aux/missing makeinfo'
MANIFEST_TOOL=':'
MINGW64_FALSE=''
MINGW64_TRUE='#'
MKDIR_P='/usr/bin/mkdir -p'
NM='/usr/bin/nm -B'
NMEDIT=''
OBJDUMP='objdump'
OBJEXT='o'
OBJ_FALSE='#'
OBJ_TRUE=''
OTOOL64=''
OTOOL=''
PACKAGE='cudd'
PACKAGE_BUGREPORT='Fabio@Colorado.EDU'
PACKAGE_NAME='cudd'
PACKAGE_STRING='cudd 3.0.0'
PACKAGE_TARNAME='cudd'
PACKAGE_URL=''
PACKAGE_VERSION='3.0.0'
PATH_SEPARATOR=':'
RANLIB='ranlib'
SED='/usr/bin/sed'
SET_MAKE=''
SHELL='/bin/bash'
STRIP='strip'
VERSION='3.0.0'
ac_ct_AR='ar'
ac_ct_CC='gcc'
ac_ct_CXX='g++'
ac_ct_DUMPBIN=''
am__EXEEXT_FALSE=''
am__EXEEXT_TRUE='#'
am__fastdepCC_FALSE='#'
am__fastdepCC_TRUE=''
am__fastdepCXX_FALSE='#'
am__fastdepCXX_TRUE=''
am__include='include'
am__isrc=''
am__leading_dot='.'
am__nodep='_no'
am__quote=''
am__tar='$${TAR-tar} chof - "$$tardir"'
am__untar='$${TAR-tar} xf -'
bindir='${exec_prefix}/bin'
build='x86_64-unknown-linux-gnu'
build_alias=''
build_cpu='x86_64'
build_os='linux-gnu'
build_vendor='unknown'
datadir='${datarootdir}'
datarootdir='${prefix}/share'
docdir='${datarootdir}/doc/${PACKAGE_TARNAME}'
dvidir='${docdir}'
exec_prefix='${prefix}'
host='x86_64-unknown-linux-gnu'
host_alias=''
host_cpu='x86_64'
host_os='linux-gnu'
host_vendor='unknown'
htmldir='${docdir}'
includedir='${prefix}/include'
infodir='${datarootdir}/info'
install_sh='${SHELL} /home/kaveh/Development/eclipse/neos/lib/cudd/build-aux/install-sh'
libdir='${exec_prefix}/lib'
libexecdir='${exec_prefix}/libexec'
localedir='${datarootdir}/locale'
localstatedir='${prefix}/var'
mandir='${datarootdir}/man'
mkdir_p='$(MKDIR_P)'
oldincludedir='/usr/include'
pdfdir='${docdir}'
prefix='/usr/local'
program_transform_name='s,x,x,'
psdir='${docdir}'
runstatedir='${localstatedir}/run'
sbindir='${exec_prefix}/sbin'
sharedstatedir='${prefix}/com'
sysconfdir='${prefix}/etc'
target_alias=''

## ----------- ##
## confdefs.h. ##
## ----------- ##

/* confdefs.h */
#define PACKAGE_NAME "cudd"
#define PACKAGE_TARNAME "cudd"
#define PACKAGE_VERSION "3.0.0"
#define PACKAGE_STRING "cudd 3.0.0"
#define PACKAGE_BUGREPORT "Fabio@Colorado.EDU"
#define PACKAGE_URL ""
#define PACKAGE "cudd"
#define VERSION "3.0.0"
#define STDC_HEADERS 1
#define HAVE_SYS_TYPES_H 1
#define HAVE_SYS_STAT_H 1
#define HAVE_STDLIB_H 1
#define HAVE_STRING_H 1
#define HAVE_MEMORY_H 1
#define HAVE_STRINGS_H 1
#define HAVE_INTTYPES_H 1
#define HAVE_STDINT_H 1
#define HAVE_UNISTD_H 1
#define HAVE_DLFCN_H 1
#define LT_OBJDIR ".libs/"
#define HAVE_FLOAT_H 1
#define HAVE_INTTYPES_H 1
#define HAVE_LIMITS_H 1
#define HAVE_STDDEF_H 1
#define HAVE_STDLIB_H 1
#define HAVE_STRING_H 1
#define HAVE_ASSERT_H 1
#define HAVE_MATH_H 1
#define HAVE_UNISTD_H 1
#define HAVE_SYS_TIME_H 1
#define HAVE_SYS_TIMES_H 1
#define HAVE_SYS_RESOURCE_H 1
#define HAVE_SYS_WAIT_H 1
#define HAVE_WORKING_THREAD 1
#define HAVE__BOOL 1
#define HAVE_PTRDIFF_T 1
#define SIZEOF_INT 4
#define SIZEOF_LONG 8
#define SIZEOF_VOID_P 8
#define SIZEOF_LONG_DOUBLE 16
#define HAVE_MODERN_CXX 1
#define HAVE_POW 1
#define HAVE_SQRT 1
#define HAVE_STRCHR 1
#define HAVE_STRSTR 1
#define HAVE_POWL 1
#define HAVE_GETHOSTNAME 1
#define HAVE_GETRLIMIT 1
#define HAVE_GETRUSAGE 1
#define HAVE_SYSCONF 1
#define HAVE_IEEE_754 1

configure: exit 0

## ---------------------- ##
## Running config.status. ##
## ---------------------- ##

This file was extended by cudd config.status 3.0.0, which was
generated by GNU Autoconf 2.69.  Invocation command line was

  CONFIG_FILES    = 
  CONFIG_HEADERS  = 
  CONFIG_LINKS    = 
  CONFIG_COMMANDS = 
  $ ./config.status config.h

on kaveh-ROG-Flow-X13

config.status:1190: creating config.h
config.status:1371: config.h is unchanged
